<?xml version="1.0" encoding="UTF-8" ?>
<testsuite errors="0" failures="0" hostname="DESKTOP-12VOVEM" name="blackjack2.DatabaseTest" skipped="0" tests="5" time="2.667" timestamp="2021-10-17T04:59:00">
  <properties>
[...]
</properties>
  <testcase classname="blackjack2.DatabaseTest" name="testCheckName2" time="2.016" />
  <testcase classname="blackjack2.DatabaseTest" name="testAddCoins" time="0.131" />
  <testcase classname="blackjack2.DatabaseTest" name="testCheckName" time="0.037" />
  <testcase classname="blackjack2.DatabaseTest" name="testNewName" time="0.058" />
  <testcase classname="blackjack2.DatabaseTest" name="testNewName2" time="0.071" />
  <system-out><![CDATA[OLD TABLE
checkName
no user
OLD TABLE
OLD TABLE
checkName
found user
796
OLD TABLE
newName
TEST
OLD TABLE
newName
USER NOT FOUND
]]></system-out>
  <system-err><![CDATA[]]></system-err>
</testsuite>
